INFO:Created Employee: Nimesh Nagar - Nimesh.Nagar@email.com
INFO:Created Employee: Abhishek Sahu - Abhishek.Sahu@email.com
INFO:Created Employee: Sushant Kurdekar - Sushant.Kurdekar@email.com
INFO:Created Employee: Nimesh Nagar - Nimesh.Nagar@email.com
INFO:Created Employee: Abhishek Sahu - Abhishek.Sahu@email.com
INFO:Created Employee: Sushant Kurdekar - Sushant.Kurdekar@email.com
INFO: Add : 20 + 10 = 30
INFO: Sub : 20 - 10 = 30
INFO:Created Employee: Nimesh Nagar - Nimesh.Nagar@email.com
INFO:Created Employee: Abhishek Sahu - Abhishek.Sahu@email.com
INFO:Created Employee: Sushant Kurdekar - Sushant.Kurdekar@email.com
INFO:Created Employee: Nimesh Nagar - Nimesh.Nagar@email.com
INFO:Created Employee: Abhishek Sahu - Abhishek.Sahu@email.com
INFO:Created Employee: Sushant Kurdekar - Sushant.Kurdekar@email.com
INFO:__main__:Created Employee: Nimesh Nagar - Nimesh.Nagar@email.com
INFO:__main__:Created Employee: Abhishek Sahu - Abhishek.Sahu@email.com
INFO:__main__:Created Employee: Sushant Kurdekar - Sushant.Kurdekar@email.com
INFO:__main__:Created Employee: Nimesh Nagar - Nimesh.Nagar@email.com
INFO:__main__:Created Employee: Abhishek Sahu - Abhishek.Sahu@email.com
INFO:__main__:Created Employee: Sushant Kurdekar - Sushant.Kurdekar@email.com

-------------------------------------------------------------------------------------------

INFO:__main__:Created Employee: Nimesh Nagar - Nimesh.Nagar@email.com
INFO:__main__:Created Employee: Abhishek Sahu - Abhishek.Sahu@email.com
INFO:__main__:Created Employee: Sushant Kurdekar - Sushant.Kurdekar@email.com
INFO:employee:Created Employee: Nimesh Nagar - Nimesh.Nagar@email.com
INFO:employee:Created Employee: Abhishek Sahu - Abhishek.Sahu@email.com
INFO:employee:Created Employee: Sushant Kurdekar - Sushant.Kurdekar@email.com
INFO:employee:Created Employee: Nimesh Nagar - Nimesh.Nagar@email.com
INFO:employee:Created Employee: Abhishek Sahu - Abhishek.Sahu@email.com
INFO:employee:Created Employee: Sushant Kurdekar - Sushant.Kurdekar@email.com
INFO:employee:Created Employee: Nimesh Nagar - Nimesh.Nagar@email.com
INFO:employee:Created Employee: Abhishek Sahu - Abhishek.Sahu@email.com
INFO:employee:Created Employee: Sushant Kurdekar - Sushant.Kurdekar@email.com
INFO:employee:Created Employee: Nimesh Nagar - Nimesh.Nagar@email.com
INFO:employee:Created Employee: Abhishek Sahu - Abhishek.Sahu@email.com
INFO:employee:Created Employee: Sushant Kurdekar - Sushant.Kurdekar@email.com
INFO:employee:Created Employee: Nimesh Nagar - Nimesh.Nagar@email.com
INFO:employee:Created Employee: Abhishek Sahu - Abhishek.Sahu@email.com
INFO:employee:Created Employee: Sushant Kurdekar - Sushant.Kurdekar@email.com
INFO:employee:Created Employee: Nimesh Nagar - Nimesh.Nagar@email.com
INFO:employee:Created Employee: Abhishek Sahu - Abhishek.Sahu@email.com
INFO:employee:Created Employee: Sushant Kurdekar - Sushant.Kurdekar@email.com
